{
  "RSpec": {
    "coverage": {
      "/Users/jordan/Desktop/rails/receive_email_lambda/app/helpers/application_helper.rb": [
        1,
        null
      ],
      "/Users/jordan/Desktop/rails/receive_email_lambda/app/helpers/emails_helper.rb": [
        1,
        null
      ],
      "/Users/jordan/Desktop/rails/receive_email_lambda/app/controllers/emails_controller.rb": [
        1,
        1,
        null,
        null,
        null,
        1,
        2,
        1,
        1,
        1,
        null,
        0,
        null,
        null,
        1,
        null,
        null,
        null,
        null,
        null,
        1,
        0,
        null,
        null,
        null,
        null,
        1,
        null,
        null,
        null,
        1,
        0,
        null,
        null,
        null,
        1,
        null,
        null,
        null,
        null,
        1,
        0,
        null,
        0,
        0,
        0,
        0,
        null,
        0,
        0,
        null,
        null,
        null,
        null,
        null,
        null,
        1,
        0,
        0,
        0,
        0,
        null,
        0,
        0,
        null,
        null,
        null,
        null,
        null,
        null,
        1,
        0,
        0,
        0,
        0,
        null,
        null,
        null,
        1,
        null,
        1,
        0,
        null,
        null,
        null,
        1,
        0,
        null,
        null
      ],
      "/Users/jordan/Desktop/rails/receive_email_lambda/app/controllers/application_controller.rb": [
        1,
        null,
        null,
        1,
        null
      ],
      "/Users/jordan/Desktop/rails/receive_email_lambda/app/models/email.rb": [
        1,
        null,
        1,
        1,
        1,
        1,
        1,
        1,
        1,
        1,
        1,
        1,
        null,
        null,
        null,
        null,
        null,
        null,
        null
      ]
    },
    "timestamp": 1458504617
  }
}
